# JRE version: Java(TM) SE Runtime Environment (17.0.8+9) (build 17.0.8+9-LTS-211)
# Java VM: Java HotSpot(TM) 64-Bit Server VM (17.0.8+9-LTS-211, mixed mode, emulated-client, sharing, tiered, compressed oops, compressed class ptrs, g1 gc, windows-amd64)
GC Precious Log:
 CPUs: 8 total, 8 available
 Memory: 11982M
 Large Page Support: Disabled
 NUMA Support: Disabled
 Compressed Oops: Enabled (Zero based)
 Heap Region Size: 2M
 Heap Min Capacity: 8M
 Heap Initial Capacity: 188M
 Heap Max Capacity: 2996M
 Pre-touch: Disabled
 Parallel Workers: 8
 Concurrent Workers: 2
 Concurrent Refinement Workers: 8
 Periodic GC: Disabled
Heap:
 garbage-first heap   total 299008K, used 81230K [0x0000000744c00000, 0x0000000800000000)
  region size 2048K, 5 young (10240K), 1 survivors (2048K)
 Metaspace       used 71957K, committed 72640K, reserved 1114112K
  class space    used 10556K, committed 10880K, reserved 1048576K
GC Heap History (20 events):
Event: 10.442 GC heap before
{Heap before GC invocations=21 (full 0):
 garbage-first heap   total 61440K, used 48431K [0x0000000744c00000, 0x0000000800000000)
  region size 2048K, 9 young (18432K), 1 survivors (2048K)
 Metaspace       used 61613K, committed 62208K, reserved 1114112K
  class space    used 9057K, committed 9344K, reserved 1048576K
}
Event: 10.444 GC heap after
{Heap after GC invocations=22 (full 0):
 garbage-first heap   total 102400K, used 32058K [0x0000000744c00000, 0x0000000800000000)
  region size 2048K, 1 young (2048K), 1 survivors (2048K)
 Metaspace       used 61613K, committed 62208K, reserved 1114112K
  class space    used 9057K, committed 9344K, reserved 1048576K
}
Event: 10.792 GC heap before
{Heap before GC invocations=23 (full 0):
 garbage-first heap   total 102400K, used 77114K [0x0000000744c00000, 0x0000000800000000)
  region size 2048K, 23 young (47104K), 1 survivors (2048K)
 Metaspace       used 62578K, committed 63232K, reserved 1114112K
  class space    used 9195K, committed 9536K, reserved 1048576K
}
Event: 10.795 GC heap after
{Heap after GC invocations=24 (full 0):
 garbage-first heap   total 102400K, used 33271K [0x0000000744c00000, 0x0000000800000000)
  region size 2048K, 2 young (4096K), 2 survivors (4096K)
 Metaspace       used 62578K, committed 63232K, reserved 1114112K
  class space    used 9195K, committed 9536K, reserved 1048576K
}
Event: 11.444 GC heap before
{Heap before GC invocations=24 (full 0):
 garbage-first heap   total 102400K, used 76279K [0x0000000744c00000, 0x0000000800000000)
  region size 2048K, 24 young (49152K), 2 survivors (4096K)
 Metaspace       used 65586K, committed 66176K, reserved 1114112K
  class space    used 9582K, committed 9856K, reserved 1048576K
}
Event: 11.451 GC heap after
{Heap after GC invocations=25 (full 0):
 garbage-first heap   total 102400K, used 40914K [0x0000000744c00000, 0x0000000800000000)
  region size 2048K, 3 young (6144K), 3 survivors (6144K)
 Metaspace       used 65586K, committed 66176K, reserved 1114112K
  class space    used 9582K, committed 9856K, reserved 1048576K
}
Event: 11.601 GC heap before
{Heap before GC invocations=25 (full 0):
 garbage-first heap   total 102400K, used 75730K [0x0000000744c00000, 0x0000000800000000)
  region size 2048K, 21 young (43008K), 3 survivors (6144K)
 Metaspace       used 65681K, committed 66368K, reserved 1114112K
  class space    used 9596K, committed 9920K, reserved 1048576K
}
Event: 11.610 GC heap after
{Heap after GC invocations=26 (full 0):
 garbage-first heap   total 102400K, used 50397K [0x0000000744c00000, 0x0000000800000000)
  region size 2048K, 3 young (6144K), 3 survivors (6144K)
 Metaspace       used 65681K, committed 66368K, reserved 1114112K
  class space    used 9596K, committed 9920K, reserved 1048576K
}
Event: 11.657 GC heap before
{Heap before GC invocations=26 (full 0):
 garbage-first heap   total 102400K, used 74973K [0x0000000744c00000, 0x0000000800000000)
  region size 2048K, 16 young (32768K), 3 survivors (6144K)
 Metaspace       used 65681K, committed 66368K, reserved 1114112K
  class space    used 9596K, committed 9920K, reserved 1048576K
}
Event: 11.664 GC heap after
{Heap after GC invocations=27 (full 0):
 garbage-first heap   total 102400K, used 57610K [0x0000000744c00000, 0x0000000800000000)
  region size 2048K, 2 young (4096K), 2 survivors (4096K)
 Metaspace       used 65681K, committed 66368K, reserved 1114112K
  class space    used 9596K, committed 9920K, reserved 1048576K
}
Event: 11.744 GC heap before
{Heap before GC invocations=27 (full 0):
 garbage-first heap   total 102400K, used 73994K [0x0000000744c00000, 0x0000000800000000)
  region size 2048K, 11 young (22528K), 2 survivors (4096K)
 Metaspace       used 65681K, committed 66368K, reserved 1114112K
  class space    used 9596K, committed 9920K, reserved 1048576K
}
Event: 11.750 GC heap after
{Heap after GC invocations=28 (full 0):
 garbage-first heap   total 102400K, used 63373K [0x0000000744c00000, 0x0000000800000000)
  region size 2048K, 2 young (4096K), 2 survivors (4096K)
 Metaspace       used 65681K, committed 66368K, reserved 1114112K
  class space    used 9596K, committed 9920K, reserved 1048576K
}
Event: 11.799 GC heap before
{Heap before GC invocations=28 (full 0):
 garbage-first heap   total 102400K, used 77709K [0x0000000744c00000, 0x0000000800000000)
  region size 2048K, 10 young (20480K), 2 survivors (4096K)
 Metaspace       used 65681K, committed 66368K, reserved 1114112K
  class space    used 9596K, committed 9920K, reserved 1048576K
}
Event: 11.804 GC heap after
{Heap after GC invocations=29 (full 0):
 garbage-first heap   total 102400K, used 67790K [0x0000000744c00000, 0x0000000800000000)
  region size 2048K, 2 young (4096K), 2 survivors (4096K)
 Metaspace       used 65681K, committed 66368K, reserved 1114112K
  class space    used 9596K, committed 9920K, reserved 1048576K
}
Event: 11.834 GC heap before
{Heap before GC invocations=29 (full 0):
 garbage-first heap   total 122880K, used 78030K [0x0000000744c00000, 0x0000000800000000)
  region size 2048K, 8 young (16384K), 2 survivors (4096K)
 Metaspace       used 65681K, committed 66368K, reserved 1114112K
  class space    used 9596K, committed 9920K, reserved 1048576K
}
Event: 11.840 GC heap after
{Heap after GC invocations=30 (full 0):
 garbage-first heap   total 299008K, used 71933K [0x0000000744c00000, 0x0000000800000000)
  region size 2048K, 1 young (2048K), 1 survivors (2048K)
 Metaspace       used 65681K, committed 66368K, reserved 1114112K
  class space    used 9596K, committed 9920K, reserved 1048576K
}
Event: 26.514 GC heap before
{Heap before GC invocations=31 (full 0):
 garbage-first heap   total 299008K, used 180477K [0x0000000744c00000, 0x0000000800000000)
  region size 2048K, 55 young (112640K), 1 survivors (2048K)
 Metaspace       used 71957K, committed 72640K, reserved 1114112K
  class space    used 10556K, committed 10880K, reserved 1048576K
}
Event: 26.548 GC heap after
{Heap after GC invocations=32 (full 0):
 garbage-first heap   total 299008K, used 76422K [0x0000000744c00000, 0x0000000800000000)
  region size 2048K, 4 young (8192K), 4 survivors (8192K)
 Metaspace       used 71957K, committed 72640K, reserved 1114112K
  class space    used 10556K, committed 10880K, reserved 1048576K
}
Event: 39.344 GC heap before
{Heap before GC invocations=32 (full 0):
 garbage-first heap   total 299008K, used 82566K [0x0000000744c00000, 0x0000000800000000)
  region size 2048K, 7 young (14336K), 4 survivors (8192K)
 Metaspace       used 71957K, committed 72640K, reserved 1114112K
  class space    used 10556K, committed 10880K, reserved 1048576K
}
Event: 39.355 GC heap after
{Heap after GC invocations=33 (full 0):
 garbage-first heap   total 299008K, used 75086K [0x0000000744c00000, 0x0000000800000000)
  region size 2048K, 1 young (2048K), 1 survivors (2048K)
 Metaspace       used 71957K, committed 72640K, reserved 1114112K
  class space    used 10556K, committed 10880K, reserved 1048576K
}

